have_header: checking for version.h... -------------------- no

"/usr/local/opt/gcc46/bin/gcc-4.6 -o conftest -I/Users/grantsayer/.rvm/rubies/ruby-1.9.3-p547/include/ruby-1.9.1/x86_64-darwin13.3.0 -I/Users/grantsayer/.rvm/rubies/ruby-1.9.3-p547/include/ruby-1.9.1/ruby/backward -I/Users/grantsayer/.rvm/rubies/ruby-1.9.3-p547/include/ruby-1.9.1 -I. -D_XOPEN_SOURCE -D_DARWIN_C_SOURCE   -I/usr/local/opt/libyaml/include -I/usr/local/opt/readline/include -I/usr/local/opt/libksba/include -I/usr/local/opt/openssl/include  -O3 -ggdb -Wall -Wextra -Wno-unused-parameter -Wno-parentheses -Wno-long-long -Wno-missing-field-initializers -Wpointer-arith -Wwrite-strings -Wdeclaration-after-statement -Wimplicit-function-declaration  -fno-common -pipe conftest.c  -L. -L/Users/grantsayer/.rvm/rubies/ruby-1.9.3-p547/lib -L/usr/local/opt/libyaml/lib -L/usr/local/opt/readline/lib -L/usr/local/opt/libksba/lib -L/usr/local/opt/openssl/lib -L.  -L/usr/local/opt/libyaml/lib -L/usr/local/opt/readline/lib -L/usr/local/opt/libksba/lib -L/usr/local/opt/openssl/lib      -lruby.1.9.1  -lpthread -ldl -lobjc "
checked program was:
/* begin */
1: #include "ruby.h"
2: 
3: int main(int argc, char **argv)
4: {
5:   return 0;
6: }
/* end */

"/usr/local/opt/gcc46/bin/gcc-4.6 -E -I/Users/grantsayer/.rvm/rubies/ruby-1.9.3-p547/include/ruby-1.9.1/x86_64-darwin13.3.0 -I/Users/grantsayer/.rvm/rubies/ruby-1.9.3-p547/include/ruby-1.9.1/ruby/backward -I/Users/grantsayer/.rvm/rubies/ruby-1.9.3-p547/include/ruby-1.9.1 -I. -D_XOPEN_SOURCE -D_DARWIN_C_SOURCE   -I/usr/local/opt/libyaml/include -I/usr/local/opt/readline/include -I/usr/local/opt/libksba/include -I/usr/local/opt/openssl/include  -O3 -ggdb -Wall -Wextra -Wno-unused-parameter -Wno-parentheses -Wno-long-long -Wno-missing-field-initializers -Wpointer-arith -Wwrite-strings -Wdeclaration-after-statement -Wimplicit-function-declaration  -fno-common -pipe  conftest.c -o conftest.i"
conftest.c:3:21: fatal error: version.h: No such file or directory
compilation terminated.
checked program was:
/* begin */
1: #include "ruby.h"
2: 
3: #include <version.h>
/* end */

--------------------

have_header: checking for sql.h... -------------------- no

"/usr/local/opt/gcc46/bin/gcc-4.6 -E -I/Users/grantsayer/.rvm/rubies/ruby-1.9.3-p547/include/ruby-1.9.1/x86_64-darwin13.3.0 -I/Users/grantsayer/.rvm/rubies/ruby-1.9.3-p547/include/ruby-1.9.1/ruby/backward -I/Users/grantsayer/.rvm/rubies/ruby-1.9.3-p547/include/ruby-1.9.1 -I. -D_XOPEN_SOURCE -D_DARWIN_C_SOURCE   -I/usr/local/opt/libyaml/include -I/usr/local/opt/readline/include -I/usr/local/opt/libksba/include -I/usr/local/opt/openssl/include  -O3 -ggdb -Wall -Wextra -Wno-unused-parameter -Wno-parentheses -Wno-long-long -Wno-missing-field-initializers -Wpointer-arith -Wwrite-strings -Wdeclaration-after-statement -Wimplicit-function-declaration  -fno-common -pipe  conftest.c -o conftest.i"
conftest.c:3:17: fatal error: sql.h: No such file or directory
compilation terminated.
checked program was:
/* begin */
1: #include "ruby.h"
2: 
3: #include <sql.h>
/* end */

--------------------

